<?xml version="1.0" encoding="UTF-8"?>
<!-- Generated by org.testng.reporters.JUnitReportReporter -->
<testsuite hostname="USBLRRAGHVR1" failures="0" tests="1" name="rahulshettyacademy.PracticeSeleniumgrameworkdesign.StandAloneTest" time="14.037" errors="0" timestamp="2023-03-06T21:09:33 IST" skipped="0">
  <testcase classname="rahulshettyacademy.PracticeSeleniumgrameworkdesign.StandAloneTest" name="e2etest" time="14.037"/>
  <system-out/>
</testsuite> <!-- rahulshettyacademy.PracticeSeleniumgrameworkdesign.StandAloneTest -->
